********************************************************************************
DUPLICATOR-LITE PACKAGE-LOG: 5th September 2018 9:51 am
NOTICE: Do NOT post to public sites or forums 
********************************************************************************
VERSION:	1.2.42
WORDPRESS:	4.9.8
PHP INFO:	5.6.25 | SAPI: apache2handler
SERVER:		Apache/2.4.23 (Win64) PHP/5.6.25 
PHP TIME LIMIT: (0) no time limit imposed 
PHP MAX MEMORY: 2048M (128M default) 
MEMORY STACK: 41.75MB 

********************************************************************************
DATABASE:
********************************************************************************
BUILD MODE:   PHP(query limit - 100)
MYSQLTIMEOUT: 5000
MYSQLDUMP:    Not Supported 
TABLES: total:13 | filtered:0 | create:13 
FILTERED: [] 
SQL CREATED: 20180905_fictionaluniversity_20cb14209b8f5f333688180905095006_database.sql 
SQL FILE SIZE: 494.81KB (506682) 
SQL FILE TIME: 2018-09-05 09:51:04 
SQL RUNTIME: 0.91 sec. 

******************************************************************************** 
ARCHIVE (ZIP): 
******************************************************************************** 
ARCHIVE DIR:  C:/wamp64/www/fictional_university 
ARCHIVE FILE: 20180905_fictionaluniversity_20cb14209b8f5f333688180905095006_archive.zip 
FILTERS: *OFF* 
DIRS:
	not set 
FILES:
	not set 
EXTS:  not set 
---------------------------------------- 
COMPRESSING 
SIZE:	129.17MB 
STATS:	Dirs 2,291 | Files 25,160 
SQL ADDED: 20180905_fictionaluniversity_20cb14209b8f5f333688180905095006_database.sql 
ZipArchive Object
(
    [status] => 0
    [statusSys] => 0
    [numFiles] => 27451
    [filename] => C:\wamp64\www\fictional_university\wp-snapshots\tmp\20180905_fictionaluniversity_20cb14209b8f5f333688180905095006_archive.zip
    [comment] => 
)
 
COMPRESSION RESULT: '1' 
COMPRESSED SIZE: 65.74MB 
ARCHIVE RUNTIME: 83.59 sec. 
MEMORY STACK: 51.25MB 

******************************************************************************** 
MAKE INSTALLER: 
******************************************************************************** 
Build Start 
Build Finished 
Preping for use 
PACK SIZE:  
Template parsed with new data 
Complete [C:/wamp64/www/fictional_university/wp-snapshots/tmp/20180905_fictionaluniversity_20cb14209b8f5f333688180905095006_installer.php] 
Added to archive 

******************************************************************************** 
INTEGRITY CHECKS: 
******************************************************************************** 
SQL File: 494.81KB 
Installer File: 472.51KB 
Archive File: 65.74MB  

********************************************************************************
RECORD ID:[2]
TOTAL PROCESS RUNTIME: 92.49 sec.
PEAK PHP MEMORY USED: 56MB
DONE PROCESSING => 20180905_fictionaluniversity 5th September 2018 9:52 am
 
