********************************************************************************
DUPLICATOR-LITE PACKAGE-LOG: 5th September 2018 9:38 am
NOTICE: Do NOT post to public sites or forums 
********************************************************************************
VERSION:	1.2.42
WORDPRESS:	4.9.8
PHP INFO:	5.6.25 | SAPI: apache2handler
SERVER:		Apache/2.4.23 (Win64) PHP/5.6.25 
PHP TIME LIMIT: (0) no time limit imposed 
PHP MAX MEMORY: 2048M (128M default) 
MEMORY STACK: 41.75MB 

********************************************************************************
DATABASE:
********************************************************************************
BUILD MODE:   PHP(query limit - 100)
MYSQLTIMEOUT: 5000
MYSQLDUMP:    Not Supported 
TABLES: total:13 | filtered:0 | create:13 
FILTERED: [] 
SQL CREATED: 20180905_fictionaluniversity_9f8f354ea6699b056176180905093539_database.sql 
SQL FILE SIZE: 494.81KB (506688) 
SQL FILE TIME: 2018-09-05 09:38:23 
SQL RUNTIME: 0.80 sec. 

******************************************************************************** 
ARCHIVE (ZIP): 
******************************************************************************** 
ARCHIVE DIR:  C:/wamp64/www/fictional_university 
ARCHIVE FILE: 20180905_fictionaluniversity_9f8f354ea6699b056176180905093539_archive.zip 
FILTERS: *OFF* 
DIRS:
	not set 
FILES:
	not set 
EXTS:  not set 
---------------------------------------- 
COMPRESSING 
SIZE:	129.17MB 
STATS:	Dirs 2,291 | Files 25,160 
SQL ADDED: 20180905_fictionaluniversity_9f8f354ea6699b056176180905093539_database.sql 
ZipArchive Object
(
    [status] => 0
    [statusSys] => 0
    [numFiles] => 27451
    [filename] => C:\wamp64\www\fictional_university\wp-snapshots\tmp\20180905_fictionaluniversity_9f8f354ea6699b056176180905093539_archive.zip
    [comment] => 
)
 
COMPRESSION RESULT: '1' 
COMPRESSED SIZE: 65.74MB 
ARCHIVE RUNTIME: 615.80 sec. 
MEMORY STACK: 51.25MB 

******************************************************************************** 
MAKE INSTALLER: 
******************************************************************************** 
Build Start 
Build Finished 
Preping for use 
PACK SIZE:  
Template parsed with new data 
Complete [C:/wamp64/www/fictional_university/wp-snapshots/tmp/20180905_fictionaluniversity_9f8f354ea6699b056176180905093539_installer.php] 
Added to archive 

******************************************************************************** 
INTEGRITY CHECKS: 
******************************************************************************** 
SQL File: 494.81KB 
Installer File: 472.51KB 
Archive File: 65.74MB  

==================================================================================
DUPLICATOR ERROR
Please try again! If the error persists see the Duplicator 'Help' menu.
---------------------------------------------------------------------------------
MESSAGE:
	ERROR: SQL file not complete.  The end of file marker was not found.  Please try to re-create the package.
TRACE:
	 1. class.pack.php : Error (260)
	 2. ctrl.package.php : runBuild (61)
	 3.  : duplicator_package_build ()
	 4. class-wp-hook.php : call_user_func_array (286)
	 5. class-wp-hook.php : apply_filters (310)
	 6. plugin.php : do_action (453)
	 7. admin-ajax.php : do_action (100)
==================================================================================

